d:\projects\visual studio\parallel and distributed computing - final project\k-means\k-means\x64\debug\vc140.pdb
d:\projects\visual studio\parallel and distributed computing - final project\k-means\k-means\x64\debug\vc140.idb
d:\projects\visual studio\parallel and distributed computing - final project\k-means\k-means\x64\debug\cudafunctions.nativecodeanalysis.xml
d:\projects\visual studio\parallel and distributed computing - final project\k-means\k-means\x64\debug\functions.nativecodeanalysis.xml
d:\projects\visual studio\parallel and distributed computing - final project\k-means\k-means\x64\debug\main.nativecodeanalysis.xml
d:\projects\visual studio\parallel and distributed computing - final project\k-means\k-means\x64\debug\mpifunctions.nativecodeanalysis.xml
d:\projects\visual studio\parallel and distributed computing - final project\k-means\k-means\x64\debug\ompfunctions.nativecodeanalysis.xml
d:\projects\visual studio\parallel and distributed computing - final project\k-means\k-means\x64\debug\ompfunctions.obj
d:\projects\visual studio\parallel and distributed computing - final project\k-means\k-means\x64\debug\mpifunctions.obj
d:\projects\visual studio\parallel and distributed computing - final project\k-means\k-means\x64\debug\main.obj
d:\projects\visual studio\parallel and distributed computing - final project\k-means\k-means\x64\debug\functions.obj
d:\projects\visual studio\parallel and distributed computing - final project\k-means\k-means\x64\debug\cudafunctions.obj
d:\projects\visual studio\parallel and distributed computing - final project\k-means\x64\debug\k-means.ilk
d:\projects\visual studio\parallel and distributed computing - final project\k-means\x64\debug\k-means.exe
d:\projects\visual studio\parallel and distributed computing - final project\k-means\x64\debug\k-means.pdb
d:\projects\visual studio\parallel and distributed computing - final project\k-means\k-means\x64\debug\kernel.cu.cache
d:\projects\visual studio\parallel and distributed computing - final project\k-means\k-means\x64\debug\kernel.cu.obj
d:\projects\visual studio\parallel and distributed computing - final project\k-means\k-means\x64\debug\nativecodeanalysis.read.1.tlog
d:\projects\visual studio\parallel and distributed computing - final project\k-means\k-means\x64\debug\vc.nativecodeanalysis.all.xml
d:\projects\visual studio\parallel and distributed computing - final project\k-means\x64\debug\k-means.exe.lastcodeanalysissucceeded
d:\projects\visual studio\parallel and distributed computing - final project\k-means\k-means\x64\debug\k-means.tlog\cl.command.1.tlog
d:\projects\visual studio\parallel and distributed computing - final project\k-means\k-means\x64\debug\k-means.tlog\cl.read.1.tlog
d:\projects\visual studio\parallel and distributed computing - final project\k-means\k-means\x64\debug\k-means.tlog\cl.write.1.tlog
d:\projects\visual studio\parallel and distributed computing - final project\k-means\k-means\x64\debug\k-means.tlog\link.command.1.tlog
d:\projects\visual studio\parallel and distributed computing - final project\k-means\k-means\x64\debug\k-means.tlog\link.read.1.tlog
d:\projects\visual studio\parallel and distributed computing - final project\k-means\k-means\x64\debug\k-means.tlog\link.write.1.tlog
